<?xml version="1.0" encoding="UTF-8"?>
<!-- Generated by org.testng.reporters.JUnitXMLReporter -->
<testsuite hostname="DESKTOP-69VQ80O" ignored="0" name="AccountsPage Test" tests="2" failures="1" timestamp="04 Jun 2021 21:23:50 GMT" time="0.474" errors="0">
  <testcase name="@BeforeTest setUp" time="0.0" classname="com.qa.classicCRM.base.BaseTest">
    <failure type="org.testng.TestNGException" message="
Parameter &amp;apos;browser&amp;apos; is required by BeforeTest on method setUp but has not been marked @Optional or defined
in C:\Bhawna\Selenium\April2021POM\src\test\resources\testrunners\testng_regression.xml">
      <![CDATA[org.testng.TestNGException: 
Parameter 'browser' is required by BeforeTest on method setUp but has not been marked @Optional or defined
in C:\Bhawna\Selenium\April2021POM\src\test\resources\testrunners\testng_regression.xml
at java.util.concurrent.FutureTask.run(Unknown Source)
at java.util.concurrent.ThreadPoolExecutor.runWorker(Unknown Source)
at java.util.concurrent.ThreadPoolExecutor$Worker.run(Unknown Source)
at java.lang.Thread.run(Unknown Source)
... Removed 12 stack frames]]>
    </failure>
  </testcase> <!-- @BeforeTest setUp -->
  <testcase name="@BeforeClass AccountsPageSetUp" time="0.0" classname="com.qa.classicCRM.tests.AccountsPageTest">
    <skipped/>
  </testcase> <!-- @BeforeClass AccountsPageSetUp -->
  <testcase name="@AfterTest tearDown" time="0.0" classname="com.qa.classicCRM.base.BaseTest">
    <skipped/>
  </testcase> <!-- @AfterTest tearDown -->
  <testcase name="AccountsPageTitleTest" time="0.0" classname="com.qa.classicCRM.tests.AccountsPageTest">
    <skipped/>
  </testcase> <!-- AccountsPageTitleTest -->
  <testcase name="AccountsPageTitleTest" time="0.037" classname="com.qa.classicCRM.tests.AccountsPageTest">
    <failure type="java.lang.NullPointerException">
      <![CDATA[java.lang.NullPointerException
at com.qa.classicCRM.base.BasePage.getScreenshot(BasePage.java:154)
at com.qa.classicCRM.testlisteners.ExtentReportListener.onTestSkipped(ExtentReportListener.java:111)
at java.util.concurrent.FutureTask.run(Unknown Source)
at java.util.concurrent.ThreadPoolExecutor.runWorker(Unknown Source)
at java.util.concurrent.ThreadPoolExecutor$Worker.run(Unknown Source)
at java.lang.Thread.run(Unknown Source)
... Removed 14 stack frames]]>
    </failure>
  </testcase> <!-- AccountsPageTitleTest -->
</testsuite> <!-- AccountsPage Test -->
