<?xml version="1.0" encoding="UTF-8"?>
<!-- Generated by org.testng.reporters.JUnitXMLReporter -->
<testsuite hostname="DESKTOP-69VQ80O" ignored="0" name="LoginPage Test" tests="3" failures="1" timestamp="27 May 2021 12:16:27 GMT" time="7.43" errors="0">
  <testcase name="verifyLoginPageTitleTest" time="0.148" classname="com.qa.classicCRM.tests.LoginPageTest">
    <failure type="java.lang.AssertionError" message="expected [Account Logi] but found [Account Login]">
      <![CDATA[java.lang.AssertionError: expected [Account Logi] but found [Account Login]
at com.qa.classicCRM.tests.LoginPageTest.verifyLoginPageTitleTest(LoginPageTest.java:27)
at java.util.concurrent.FutureTask.run(FutureTask.java:266)
at java.util.concurrent.ThreadPoolExecutor.runWorker(ThreadPoolExecutor.java:1149)
at java.util.concurrent.ThreadPoolExecutor$Worker.run(ThreadPoolExecutor.java:624)
at java.lang.Thread.run(Thread.java:748)
... Removed 22 stack frames]]>
    </failure>
  </testcase> <!-- verifyLoginPageTitleTest -->
  <testcase name="verifyforgetPWLinkTest" time="0.082" classname="com.qa.classicCRM.tests.LoginPageTest"/>
  <testcase name="loginTest" time="1.103" classname="com.qa.classicCRM.tests.LoginPageTest"/>
</testsuite> <!-- LoginPage Test -->
