<?xml version="1.0" encoding="UTF-8"?>
<testng-results skipped="0" failed="1" ignored="0" total="8" passed="7">
  <reporter-output>
  </reporter-output>
  <suite name="OC Test Automation Regression Suits" duration-ms="7430" started-at="2021-05-27T12:16:19Z" finished-at="2021-05-27T12:16:27Z">
    <groups>
    </groups>
    <test name="AccountsPage Test" duration-ms="6601" started-at="2021-05-27T12:16:19Z" finished-at="2021-05-27T12:16:26Z">
      <class name="com.qa.classicCRM.tests.AccountsPageTest">
        <test-method status="PASS" signature="SetUp()[pri:0, instance:com.qa.classicCRM.tests.AccountsPageTest@46c00568]" name="SetUp" is-config="true" duration-ms="4292" started-at="2021-05-27T12:16:19Z" finished-at="2021-05-27T12:16:24Z">
          <reporter-output>
          </reporter-output>
        </test-method> <!-- SetUp -->
        <test-method status="PASS" signature="AccountsPageSetUp()[pri:0, instance:com.qa.classicCRM.tests.AccountsPageTest@46c00568]" name="AccountsPageSetUp" is-config="true" duration-ms="1153" started-at="2021-05-27T12:16:24Z" finished-at="2021-05-27T12:16:25Z">
          <reporter-output>
          </reporter-output>
        </test-method> <!-- AccountsPageSetUp -->
        <test-method status="PASS" signature="AccountsPageTitleTest()[pri:1, instance:com.qa.classicCRM.tests.AccountsPageTest@46c00568]" name="AccountsPageTitleTest" duration-ms="41" started-at="2021-05-27T12:16:25Z" finished-at="2021-05-27T12:16:25Z">
          <reporter-output>
          </reporter-output>
        </test-method> <!-- AccountsPageTitleTest -->
        <test-method status="PASS" signature="verifyAccountsPageHeaderTest()[pri:2, instance:com.qa.classicCRM.tests.AccountsPageTest@46c00568]" name="verifyAccountsPageHeaderTest" duration-ms="111" started-at="2021-05-27T12:16:25Z" finished-at="2021-05-27T12:16:25Z">
          <reporter-output>
          </reporter-output>
        </test-method> <!-- verifyAccountsPageHeaderTest -->
        <test-method status="PASS" signature="verifyMyAcccountSectionsCountTest()[pri:3, instance:com.qa.classicCRM.tests.AccountsPageTest@46c00568]" name="verifyMyAcccountSectionsCountTest" duration-ms="35" started-at="2021-05-27T12:16:25Z" finished-at="2021-05-27T12:16:25Z">
          <reporter-output>
          </reporter-output>
        </test-method> <!-- verifyMyAcccountSectionsCountTest -->
        <test-method status="PASS" signature="verifyAccountSectionListTest()[pri:4, instance:com.qa.classicCRM.tests.AccountsPageTest@46c00568]" name="verifyAccountSectionListTest" duration-ms="201" started-at="2021-05-27T12:16:25Z" finished-at="2021-05-27T12:16:25Z">
          <reporter-output>
          </reporter-output>
        </test-method> <!-- verifyAccountSectionListTest -->
        <test-method status="PASS" signature="searchTest()[pri:5, instance:com.qa.classicCRM.tests.AccountsPageTest@46c00568]" name="searchTest" duration-ms="570" started-at="2021-05-27T12:16:25Z" finished-at="2021-05-27T12:16:26Z">
          <reporter-output>
          </reporter-output>
        </test-method> <!-- searchTest -->
      </class> <!-- com.qa.classicCRM.tests.AccountsPageTest -->
    </test> <!-- AccountsPage Test -->
    <test name="LoginPage Test" duration-ms="7430" started-at="2021-05-27T12:16:19Z" finished-at="2021-05-27T12:16:27Z">
      <class name="com.qa.classicCRM.tests.LoginPageTest">
        <test-method status="PASS" signature="SetUp()[pri:0, instance:com.qa.classicCRM.tests.LoginPageTest@682c1e93]" name="SetUp" is-config="true" duration-ms="4251" started-at="2021-05-27T12:16:19Z" finished-at="2021-05-27T12:16:24Z">
          <reporter-output>
          </reporter-output>
        </test-method> <!-- SetUp -->
        <test-method status="FAIL" signature="verifyLoginPageTitleTest()[pri:1, instance:com.qa.classicCRM.tests.LoginPageTest@682c1e93]" name="verifyLoginPageTitleTest" duration-ms="148" started-at="2021-05-27T12:16:24Z" finished-at="2021-05-27T12:16:24Z">
          <exception class="java.lang.AssertionError">
            <message>
              <![CDATA[expected [Account Logi] but found [Account Login]]]>
            </message>
            <full-stacktrace>
              <![CDATA[java.lang.AssertionError: expected [Account Logi] but found [Account Login]
at org.testng.Assert.fail(Assert.java:96)
at org.testng.Assert.failNotEquals(Assert.java:776)
at org.testng.Assert.assertEqualsImpl(Assert.java:137)
at org.testng.Assert.assertEquals(Assert.java:118)
at org.testng.Assert.assertEquals(Assert.java:453)
at org.testng.Assert.assertEquals(Assert.java:463)
at com.qa.classicCRM.tests.LoginPageTest.verifyLoginPageTitleTest(LoginPageTest.java:27)
at sun.reflect.NativeMethodAccessorImpl.invoke0(Native Method)
at sun.reflect.NativeMethodAccessorImpl.invoke(NativeMethodAccessorImpl.java:62)
at sun.reflect.DelegatingMethodAccessorImpl.invoke(DelegatingMethodAccessorImpl.java:43)
at java.lang.reflect.Method.invoke(Method.java:498)
at org.testng.internal.MethodInvocationHelper.invokeMethod(MethodInvocationHelper.java:124)
at org.testng.internal.Invoker.invokeMethod(Invoker.java:583)
at org.testng.internal.Invoker.invokeTestMethod(Invoker.java:719)
at org.testng.internal.Invoker.invokeTestMethods(Invoker.java:989)
at org.testng.internal.TestMethodWorker.invokeTestMethods(TestMethodWorker.java:125)
at org.testng.internal.TestMethodWorker.run(TestMethodWorker.java:109)
at org.testng.TestRunner.privateRun(TestRunner.java:648)
at org.testng.TestRunner.run(TestRunner.java:505)
at org.testng.SuiteRunner.runTest(SuiteRunner.java:455)
at org.testng.SuiteRunner.access$000(SuiteRunner.java:40)
at org.testng.SuiteRunner$SuiteWorker.run(SuiteRunner.java:489)
at org.testng.internal.thread.ThreadUtil$1.call(ThreadUtil.java:52)
at java.util.concurrent.FutureTask.run(FutureTask.java:266)
at java.util.concurrent.ThreadPoolExecutor.runWorker(ThreadPoolExecutor.java:1149)
at java.util.concurrent.ThreadPoolExecutor$Worker.run(ThreadPoolExecutor.java:624)
at java.lang.Thread.run(Thread.java:748)
]]>
            </full-stacktrace>
          </exception> <!-- java.lang.AssertionError -->
          <reporter-output>
          </reporter-output>
        </test-method> <!-- verifyLoginPageTitleTest -->
        <test-method status="PASS" signature="verifyforgetPWLinkTest()[pri:2, instance:com.qa.classicCRM.tests.LoginPageTest@682c1e93]" name="verifyforgetPWLinkTest" duration-ms="82" started-at="2021-05-27T12:16:25Z" finished-at="2021-05-27T12:16:25Z">
          <reporter-output>
          </reporter-output>
        </test-method> <!-- verifyforgetPWLinkTest -->
        <test-method status="PASS" signature="loginTest()[pri:3, instance:com.qa.classicCRM.tests.LoginPageTest@682c1e93]" name="loginTest" duration-ms="1103" started-at="2021-05-27T12:16:25Z" finished-at="2021-05-27T12:16:26Z">
          <reporter-output>
          </reporter-output>
        </test-method> <!-- loginTest -->
      </class> <!-- com.qa.classicCRM.tests.LoginPageTest -->
    </test> <!-- LoginPage Test -->
  </suite> <!-- OC Test Automation Regression Suits -->
</testng-results>
